DEBUG | 2019-01-21 12:44:04.177 | [main] cep.Main (Main.java:31) - Esper Test ......  !
DEBUG | 2019-01-21 12:44:04.190 | [main] processor.Engine (Engine.java:59) - CEP Engine Setup ...
DEBUG | 2019-01-21 12:44:04.412 | [main] processor.Engine (Engine.java:102) - Deleting previous registered Event Schema and Statements  ...
DEBUG | 2019-01-21 12:44:04.412 | [main] processor.Engine (Engine.java:106) - Reading EPL file ...
DEBUG | 2019-01-21 12:44:05.449 | [Thread-1] processor.Engine (Engine.java:74) - Successfully started Esper Runtime ...
DEBUG | 2019-01-21 12:45:13.987 | [main] cep.Main (Main.java:31) - Esper Test ......  !
DEBUG | 2019-01-21 12:45:13.992 | [main] processor.Engine (Engine.java:59) - CEP Engine Setup ...
DEBUG | 2019-01-21 12:45:14.855 | [Thread-1] processor.Engine (Engine.java:74) - Successfully started Esper Runtime ...
DEBUG | 2019-01-21 12:47:34.006 | [main] cep.Main (Main.java:31) - Esper Test ......  !
DEBUG | 2019-01-21 12:47:34.013 | [main] processor.Engine (Engine.java:59) - CEP Engine Setup ...
DEBUG | 2019-01-21 12:47:34.188 | [main] processor.Engine (Engine.java:102) - Deleting previous registered Event Schema and Statements  ...
DEBUG | 2019-01-21 12:47:34.189 | [main] processor.Engine (Engine.java:107) - Reading EPL file ...
DEBUG | 2019-01-21 12:47:34.735 | [Thread-1] processor.Engine (Engine.java:74) - Successfully started Esper Runtime ...
DEBUG | 2019-01-21 12:48:26.896 | [main] cep.Main (Main.java:31) - Esper Test ......  !
DEBUG | 2019-01-21 12:48:26.904 | [main] processor.Engine (Engine.java:59) - CEP Engine Setup ...
DEBUG | 2019-01-21 12:48:27.086 | [main] processor.Engine (Engine.java:102) - Deleting previous registered Event Schema and Statements  ...
DEBUG | 2019-01-21 12:48:27.087 | [main] processor.Engine (Engine.java:107) - Reading EPL file ...
DEBUG | 2019-01-21 12:48:27.721 | [Thread-1] processor.Engine (Engine.java:74) - Successfully started Esper Runtime ...
DEBUG | 2019-01-21 12:49:13.967 | [main] cep.Main (Main.java:31) - Esper Test ......  !
DEBUG | 2019-01-21 12:49:13.975 | [main] processor.Engine (Engine.java:59) - CEP Engine Setup ...
DEBUG | 2019-01-21 12:49:14.188 | [main] processor.Engine (Engine.java:102) - Deleting previous registered Event Schema and Statements  ...
DEBUG | 2019-01-21 12:49:14.190 | [main] processor.Engine (Engine.java:107) - Reading EPL file ...
DEBUG | 2019-01-21 12:49:14.733 | [Thread-1] processor.Engine (Engine.java:74) - Successfully started Esper Runtime ...
DEBUG | 2019-01-21 12:49:56.395 | [main] cep.Main (Main.java:31) - Esper Test ......  !
DEBUG | 2019-01-21 12:49:56.401 | [main] processor.Engine (Engine.java:59) - CEP Engine Setup ...
DEBUG | 2019-01-21 12:49:56.575 | [main] processor.Engine (Engine.java:102) - Deleting previous registered Event Schema and Statements  ...
DEBUG | 2019-01-21 12:49:56.575 | [main] processor.Engine (Engine.java:107) - Reading EPL file ...
DEBUG | 2019-01-21 12:49:57.025 | [Thread-1] processor.Engine (Engine.java:74) - Successfully started Esper Runtime ...
DEBUG | 2019-01-21 12:53:45.363 | [main] cep.Main (Main.java:31) - Esper Test ......  !
DEBUG | 2019-01-21 12:53:45.386 | [main] processor.Engine (Engine.java:59) - CEP Engine Setup ...
DEBUG | 2019-01-21 12:53:45.658 | [main] processor.Engine (Engine.java:102) - Deleting previous registered Event Schema and Statements  ...
DEBUG | 2019-01-21 12:53:45.658 | [main] processor.Engine (Engine.java:107) - Reading EPL file ...
DEBUG | 2019-01-21 12:53:45.658 | [main] processor.Engine (Engine.java:111) - resources/conf.epl
DEBUG | 2019-01-21 12:53:46.105 | [Thread-1] processor.Engine (Engine.java:74) - Successfully started Esper Runtime ...
DEBUG | 2019-01-21 12:55:00.273 | [main] cep.Main (Main.java:31) - Esper Test ......  !
DEBUG | 2019-01-21 12:55:00.279 | [main] processor.Engine (Engine.java:59) - CEP Engine Setup ...
DEBUG | 2019-01-21 12:55:00.476 | [main] processor.Engine (Engine.java:102) - Deleting previous registered Event Schema and Statements  ...
DEBUG | 2019-01-21 12:55:00.476 | [main] processor.Engine (Engine.java:107) - Reading EPL file ...
DEBUG | 2019-01-21 12:55:00.478 | [main] processor.Engine (Engine.java:111) - false
DEBUG | 2019-01-21 12:55:00.920 | [Thread-1] processor.Engine (Engine.java:74) - Successfully started Esper Runtime ...
DEBUG | 2019-01-21 12:55:29.929 | [main] cep.Main (Main.java:31) - Esper Test ......  !
DEBUG | 2019-01-21 12:55:29.935 | [main] processor.Engine (Engine.java:59) - CEP Engine Setup ...
DEBUG | 2019-01-21 12:55:30.115 | [main] processor.Engine (Engine.java:102) - Deleting previous registered Event Schema and Statements  ...
DEBUG | 2019-01-21 12:55:30.116 | [main] processor.Engine (Engine.java:107) - Reading EPL file ...
DEBUG | 2019-01-21 12:55:30.116 | [main] processor.Engine (Engine.java:111) - false
DEBUG | 2019-01-21 12:55:30.665 | [Thread-1] processor.Engine (Engine.java:74) - Successfully started Esper Runtime ...
DEBUG | 2019-01-21 12:57:20.540 | [main] cep.Main (Main.java:31) - Esper Test ......  !
DEBUG | 2019-01-21 12:57:20.557 | [main] processor.Engine (Engine.java:59) - CEP Engine Setup ...
DEBUG | 2019-01-21 12:57:20.749 | [main] processor.Engine (Engine.java:102) - Deleting previous registered Event Schema and Statements  ...
DEBUG | 2019-01-21 12:57:20.749 | [main] processor.Engine (Engine.java:107) - Reading EPL file ...
DEBUG | 2019-01-21 12:57:20.750 | [main] processor.Engine (Engine.java:111) - true
DEBUG | 2019-01-21 12:57:21.148 | [Thread-1] processor.Engine (Engine.java:74) - Successfully started Esper Runtime ...
DEBUG | 2019-01-21 12:58:06.390 | [main] cep.Main (Main.java:31) - Esper Test ......  !
DEBUG | 2019-01-21 12:58:06.396 | [main] processor.Engine (Engine.java:59) - CEP Engine Setup ...
DEBUG | 2019-01-21 12:58:06.564 | [main] processor.Engine (Engine.java:102) - Deleting previous registered Event Schema and Statements  ...
DEBUG | 2019-01-21 12:58:06.564 | [main] processor.Engine (Engine.java:107) - Reading EPL file ...
DEBUG | 2019-01-21 12:58:06.565 | [main] processor.Engine (Engine.java:111) - false
DEBUG | 2019-01-21 12:58:07.064 | [Thread-1] processor.Engine (Engine.java:74) - Successfully started Esper Runtime ...
DEBUG | 2019-01-21 12:58:19.648 | [main] cep.Main (Main.java:31) - Esper Test ......  !
DEBUG | 2019-01-21 12:58:19.661 | [main] processor.Engine (Engine.java:59) - CEP Engine Setup ...
DEBUG | 2019-01-21 12:58:19.873 | [main] processor.Engine (Engine.java:102) - Deleting previous registered Event Schema and Statements  ...
DEBUG | 2019-01-21 12:58:19.873 | [main] processor.Engine (Engine.java:107) - Reading EPL file ...
DEBUG | 2019-01-21 12:58:19.874 | [main] processor.Engine (Engine.java:111) - true
DEBUG | 2019-01-21 12:58:20.450 | [Thread-1] processor.Engine (Engine.java:74) - Successfully started Esper Runtime ...
DEBUG | 2019-01-21 13:02:50.852 | [main] cep.Main (Main.java:31) - Esper Test ......  !
DEBUG | 2019-01-21 13:02:50.874 | [main] processor.Engine (Engine.java:59) - CEP Engine Setup ...
DEBUG | 2019-01-21 13:02:51.157 | [main] processor.Engine (Engine.java:102) - Deleting previous registered Event Schema and Statements  ...
DEBUG | 2019-01-21 13:02:51.157 | [main] processor.Engine (Engine.java:107) - Reading EPL file ...
DEBUG | 2019-01-21 13:02:51.158 | [main] processor.Engine (Engine.java:111) - false
DEBUG | 2019-01-21 13:02:51.751 | [Thread-1] processor.Engine (Engine.java:74) - Successfully started Esper Runtime ...
DEBUG | 2019-01-21 13:03:02.078 | [main] cep.Main (Main.java:31) - Esper Test ......  !
DEBUG | 2019-01-21 13:03:02.083 | [main] processor.Engine (Engine.java:59) - CEP Engine Setup ...
DEBUG | 2019-01-21 13:03:02.317 | [main] processor.Engine (Engine.java:102) - Deleting previous registered Event Schema and Statements  ...
DEBUG | 2019-01-21 13:03:02.317 | [main] processor.Engine (Engine.java:107) - Reading EPL file ...
DEBUG | 2019-01-21 13:03:02.318 | [main] processor.Engine (Engine.java:111) - false
DEBUG | 2019-01-21 13:03:02.767 | [Thread-1] processor.Engine (Engine.java:74) - Successfully started Esper Runtime ...
DEBUG | 2019-01-21 13:03:13.798 | [main] cep.Main (Main.java:31) - Esper Test ......  !
DEBUG | 2019-01-21 13:03:13.803 | [main] processor.Engine (Engine.java:59) - CEP Engine Setup ...
DEBUG | 2019-01-21 13:03:13.975 | [main] processor.Engine (Engine.java:102) - Deleting previous registered Event Schema and Statements  ...
DEBUG | 2019-01-21 13:03:13.976 | [main] processor.Engine (Engine.java:107) - Reading EPL file ...
DEBUG | 2019-01-21 13:03:13.976 | [main] processor.Engine (Engine.java:111) - false
DEBUG | 2019-01-21 13:03:14.500 | [Thread-1] processor.Engine (Engine.java:74) - Successfully started Esper Runtime ...
DEBUG | 2019-01-21 13:10:39.003 | [main] cep.Main (Main.java:31) - Esper Test ......  !
DEBUG | 2019-01-21 13:10:39.016 | [main] processor.Engine (Engine.java:59) - CEP Engine Setup ...
DEBUG | 2019-01-21 13:10:39.253 | [main] processor.Engine (Engine.java:102) - Deleting previous registered Event Schema and Statements  ...
DEBUG | 2019-01-21 13:10:39.253 | [main] processor.Engine (Engine.java:107) - Reading EPL file ...
DEBUG | 2019-01-21 13:10:39.254 | [main] processor.Engine (Engine.java:111) - false
DEBUG | 2019-01-21 13:10:39.831 | [Thread-1] processor.Engine (Engine.java:74) - Successfully started Esper Runtime ...
DEBUG | 2019-01-21 13:11:05.185 | [main] cep.Main (Main.java:31) - Esper Test ......  !
DEBUG | 2019-01-21 13:11:05.192 | [main] processor.Engine (Engine.java:59) - CEP Engine Setup ...
DEBUG | 2019-01-21 13:11:05.383 | [main] processor.Engine (Engine.java:102) - Deleting previous registered Event Schema and Statements  ...
DEBUG | 2019-01-21 13:11:05.384 | [main] processor.Engine (Engine.java:107) - Reading EPL file ...
DEBUG | 2019-01-21 13:11:05.385 | [main] processor.Engine (Engine.java:111) - false
DEBUG | 2019-01-21 13:11:05.750 | [Thread-1] processor.Engine (Engine.java:74) - Successfully started Esper Runtime ...
DEBUG | 2019-01-21 13:13:03.713 | [main] cep.Main (Main.java:31) - Esper Test ......  !
DEBUG | 2019-01-21 13:13:03.723 | [main] processor.Engine (Engine.java:59) - CEP Engine Setup ...
DEBUG | 2019-01-21 13:13:03.953 | [main] processor.Engine (Engine.java:102) - Deleting previous registered Event Schema and Statements  ...
DEBUG | 2019-01-21 13:13:03.953 | [main] processor.Engine (Engine.java:107) - Reading EPL file ...
DEBUG | 2019-01-21 13:13:03.954 | [main] processor.Engine (Engine.java:111) - false
DEBUG | 2019-01-21 13:13:04.439 | [Thread-1] processor.Engine (Engine.java:74) - Successfully started Esper Runtime ...
DEBUG | 2019-01-21 13:54:18.492 | [main] cep.Main (Main.java:31) - Esper Test ......  !
DEBUG | 2019-01-21 13:54:18.506 | [main] processor.Engine (Engine.java:60) - CEP Engine Setup ...
DEBUG | 2019-01-21 13:54:18.855 | [main] processor.Engine (Engine.java:106) - Deleting previous registered Event Schema and Statements  ...
DEBUG | 2019-01-21 13:54:18.856 | [main] processor.Engine (Engine.java:111) - Reading EPL file ...
DEBUG | 2019-01-21 13:54:18.859 | [main] processor.Engine (Engine.java:115) - false
DEBUG | 2019-01-21 13:54:19.712 | [Thread-1] processor.Engine (Engine.java:78) - Successfully started Esper Runtime ...
DEBUG | 2019-01-21 13:54:33.187 | [main] cep.Main (Main.java:31) - Esper Test ......  !
DEBUG | 2019-01-21 13:54:33.194 | [main] processor.Engine (Engine.java:60) - CEP Engine Setup ...
DEBUG | 2019-01-21 13:54:33.374 | [main] processor.Engine (Engine.java:106) - Deleting previous registered Event Schema and Statements  ...
DEBUG | 2019-01-21 13:54:33.375 | [main] processor.Engine (Engine.java:111) - Reading EPL file ...
DEBUG | 2019-01-21 13:54:33.375 | [main] processor.Engine (Engine.java:115) - false
DEBUG | 2019-01-21 13:54:33.939 | [Thread-1] processor.Engine (Engine.java:78) - Successfully started Esper Runtime ...
DEBUG | 2019-01-21 13:54:47.820 | [main] cep.Main (Main.java:31) - Esper Test ......  !
DEBUG | 2019-01-21 13:54:47.830 | [main] processor.Engine (Engine.java:60) - CEP Engine Setup ...
DEBUG | 2019-01-21 13:54:48.062 | [main] processor.Engine (Engine.java:106) - Deleting previous registered Event Schema and Statements  ...
DEBUG | 2019-01-21 13:54:48.062 | [main] processor.Engine (Engine.java:111) - Reading EPL file ...
DEBUG | 2019-01-21 13:54:48.064 | [main] processor.Engine (Engine.java:115) - false
DEBUG | 2019-01-21 13:54:48.729 | [Thread-1] processor.Engine (Engine.java:78) - Successfully started Esper Runtime ...
DEBUG | 2019-01-21 13:55:55.310 | [main] cep.Main (Main.java:31) - Esper Test ......  !
DEBUG | 2019-01-21 13:55:55.318 | [main] processor.Engine (Engine.java:60) - CEP Engine Setup ...
DEBUG | 2019-01-21 13:55:55.517 | [main] processor.Engine (Engine.java:106) - Deleting previous registered Event Schema and Statements  ...
DEBUG | 2019-01-21 13:55:55.517 | [main] processor.Engine (Engine.java:111) - Reading EPL file ...
DEBUG | 2019-01-21 13:55:55.517 | [main] processor.Engine (Engine.java:117) - /home/erickpetersen/Documents/IdeaProjects/cep/.
DEBUG | 2019-01-21 13:55:56.109 | [Thread-1] processor.Engine (Engine.java:78) - Successfully started Esper Runtime ...
DEBUG | 2019-01-21 13:56:27.218 | [main] cep.Main (Main.java:31) - Esper Test ......  !
DEBUG | 2019-01-21 13:56:27.225 | [main] processor.Engine (Engine.java:60) - CEP Engine Setup ...
DEBUG | 2019-01-21 13:56:27.486 | [main] processor.Engine (Engine.java:106) - Deleting previous registered Event Schema and Statements  ...
DEBUG | 2019-01-21 13:56:27.487 | [main] processor.Engine (Engine.java:111) - Reading EPL file ...
DEBUG | 2019-01-21 13:56:27.487 | [main] processor.Engine (Engine.java:117) - /home/erickpetersen/Documents/IdeaProjects/cep/..
DEBUG | 2019-01-21 13:56:28.071 | [Thread-1] processor.Engine (Engine.java:78) - Successfully started Esper Runtime ...
DEBUG | 2019-01-21 13:58:44.758 | [main] cep.Main (Main.java:31) - Esper Test ......  !
DEBUG | 2019-01-21 13:58:44.772 | [main] processor.Engine (Engine.java:60) - CEP Engine Setup ...
DEBUG | 2019-01-21 13:58:45.013 | [main] processor.Engine (Engine.java:106) - Deleting previous registered Event Schema and Statements  ...
DEBUG | 2019-01-21 13:58:45.013 | [main] processor.Engine (Engine.java:111) - Reading EPL file ...
DEBUG | 2019-01-21 13:58:45.697 | [Thread-1] processor.Engine (Engine.java:78) - Successfully started Esper Runtime ...
DEBUG | 2019-01-21 14:02:09.572 | [main] cep.Main (Main.java:31) - Esper Test ......  !
DEBUG | 2019-01-21 14:02:09.587 | [main] processor.Engine (Engine.java:60) - CEP Engine Setup ...
DEBUG | 2019-01-21 14:02:09.897 | [main] processor.Engine (Engine.java:106) - Deleting previous registered Event Schema and Statements  ...
DEBUG | 2019-01-21 14:02:09.898 | [main] processor.Engine (Engine.java:111) - Reading EPL file ...
DEBUG | 2019-01-21 14:02:09.899 | [main] processor.Engine (Engine.java:116) - false
DEBUG | 2019-01-21 14:02:10.657 | [Thread-1] processor.Engine (Engine.java:78) - Successfully started Esper Runtime ...
DEBUG | 2019-01-21 14:04:13.940 | [main] cep.Main (Main.java:31) - Esper Test ......  !
DEBUG | 2019-01-21 14:04:13.947 | [main] processor.Engine (Engine.java:60) - CEP Engine Setup ...
DEBUG | 2019-01-21 14:04:14.203 | [main] processor.Engine (Engine.java:106) - Deleting previous registered Event Schema and Statements  ...
DEBUG | 2019-01-21 14:04:14.203 | [main] processor.Engine (Engine.java:111) - Reading EPL file ...
DEBUG | 2019-01-21 14:04:14.205 | [main] processor.Engine (Engine.java:116) - false
DEBUG | 2019-01-21 14:04:14.807 | [Thread-1] processor.Engine (Engine.java:78) - Successfully started Esper Runtime ...
DEBUG | 2019-01-21 14:04:29.131 | [main] cep.Main (Main.java:31) - Esper Test ......  !
DEBUG | 2019-01-21 14:04:29.139 | [main] processor.Engine (Engine.java:60) - CEP Engine Setup ...
DEBUG | 2019-01-21 14:04:29.375 | [main] processor.Engine (Engine.java:106) - Deleting previous registered Event Schema and Statements  ...
DEBUG | 2019-01-21 14:04:29.375 | [main] processor.Engine (Engine.java:111) - Reading EPL file ...
DEBUG | 2019-01-21 14:04:29.376 | [main] processor.Engine (Engine.java:116) - false
DEBUG | 2019-01-21 14:04:29.872 | [Thread-1] processor.Engine (Engine.java:78) - Successfully started Esper Runtime ...
DEBUG | 2019-01-21 14:05:14.725 | [main] cep.Main (Main.java:31) - Esper Test ......  !
DEBUG | 2019-01-21 14:05:14.732 | [main] processor.Engine (Engine.java:60) - CEP Engine Setup ...
DEBUG | 2019-01-21 14:05:14.933 | [main] processor.Engine (Engine.java:106) - Deleting previous registered Event Schema and Statements  ...
DEBUG | 2019-01-21 14:05:14.933 | [main] processor.Engine (Engine.java:111) - Reading EPL file ...
DEBUG | 2019-01-21 14:05:14.934 | [main] processor.Engine (Engine.java:117) - false
DEBUG | 2019-01-21 14:05:14.934 | [main] processor.Engine (Engine.java:118) - .
DEBUG | 2019-01-21 14:05:15.773 | [Thread-1] processor.Engine (Engine.java:78) - Successfully started Esper Runtime ...
DEBUG | 2019-01-21 14:06:01.751 | [main] cep.Main (Main.java:31) - Esper Test ......  !
DEBUG | 2019-01-21 14:06:01.760 | [main] processor.Engine (Engine.java:60) - CEP Engine Setup ...
DEBUG | 2019-01-21 14:06:02.060 | [main] processor.Engine (Engine.java:106) - Deleting previous registered Event Schema and Statements  ...
DEBUG | 2019-01-21 14:06:02.060 | [main] processor.Engine (Engine.java:111) - Reading EPL file ...
DEBUG | 2019-01-21 14:06:02.062 | [main] processor.Engine (Engine.java:117) - false
DEBUG | 2019-01-21 14:06:02.063 | [main] processor.Engine (Engine.java:118) - /home/erickpetersen/Documents/IdeaProjects/cep/.
DEBUG | 2019-01-21 14:06:02.634 | [Thread-1] processor.Engine (Engine.java:78) - Successfully started Esper Runtime ...
DEBUG | 2019-01-21 14:06:25.665 | [main] cep.Main (Main.java:31) - Esper Test ......  !
DEBUG | 2019-01-21 14:06:25.672 | [main] processor.Engine (Engine.java:60) - CEP Engine Setup ...
DEBUG | 2019-01-21 14:06:25.906 | [main] processor.Engine (Engine.java:106) - Deleting previous registered Event Schema and Statements  ...
DEBUG | 2019-01-21 14:06:25.907 | [main] processor.Engine (Engine.java:111) - Reading EPL file ...
DEBUG | 2019-01-21 14:06:25.908 | [main] processor.Engine (Engine.java:117) - false
DEBUG | 2019-01-21 14:06:25.908 | [main] processor.Engine (Engine.java:118) - /home/erickpetersen/Documents/IdeaProjects/cep/..
DEBUG | 2019-01-21 14:06:26.527 | [Thread-1] processor.Engine (Engine.java:78) - Successfully started Esper Runtime ...
DEBUG | 2019-01-21 14:06:39.390 | [main] cep.Main (Main.java:31) - Esper Test ......  !
DEBUG | 2019-01-21 14:06:39.399 | [main] processor.Engine (Engine.java:60) - CEP Engine Setup ...
DEBUG | 2019-01-21 14:06:39.566 | [main] processor.Engine (Engine.java:106) - Deleting previous registered Event Schema and Statements  ...
DEBUG | 2019-01-21 14:06:39.567 | [main] processor.Engine (Engine.java:111) - Reading EPL file ...
DEBUG | 2019-01-21 14:06:39.568 | [main] processor.Engine (Engine.java:117) - false
DEBUG | 2019-01-21 14:06:39.568 | [main] processor.Engine (Engine.java:118) - /home/erickpetersen/Documents/IdeaProjects/cep/../..
DEBUG | 2019-01-21 14:06:39.979 | [Thread-1] processor.Engine (Engine.java:78) - Successfully started Esper Runtime ...
DEBUG | 2019-01-21 14:07:33.071 | [main] cep.Main (Main.java:31) - Esper Test ......  !
DEBUG | 2019-01-21 14:07:33.080 | [main] processor.Engine (Engine.java:60) - CEP Engine Setup ...
DEBUG | 2019-01-21 14:07:33.276 | [main] processor.Engine (Engine.java:106) - Deleting previous registered Event Schema and Statements  ...
DEBUG | 2019-01-21 14:07:33.277 | [main] processor.Engine (Engine.java:111) - Reading EPL file ...
DEBUG | 2019-01-21 14:07:33.278 | [main] processor.Engine (Engine.java:117) - false
DEBUG | 2019-01-21 14:07:33.278 | [main] processor.Engine (Engine.java:118) - /home/erickpetersen/Documents/IdeaProjects/cep/.
DEBUG | 2019-01-21 14:07:33.933 | [Thread-1] processor.Engine (Engine.java:78) - Successfully started Esper Runtime ...
DEBUG | 2019-01-21 14:08:44.982 | [main] cep.Main (Main.java:31) - Esper Test ......  !
DEBUG | 2019-01-21 14:08:44.988 | [main] processor.Engine (Engine.java:60) - CEP Engine Setup ...
DEBUG | 2019-01-21 14:08:45.220 | [main] processor.Engine (Engine.java:106) - Deleting previous registered Event Schema and Statements  ...
DEBUG | 2019-01-21 14:08:45.221 | [main] processor.Engine (Engine.java:111) - Reading EPL file ...
DEBUG | 2019-01-21 14:08:45.222 | [main] processor.Engine (Engine.java:117) - false
DEBUG | 2019-01-21 14:08:45.223 | [main] processor.Engine (Engine.java:118) - /home/erickpetersen/Documents/IdeaProjects/cep/./src/main/resources
DEBUG | 2019-01-21 14:08:45.756 | [Thread-1] processor.Engine (Engine.java:78) - Successfully started Esper Runtime ...
DEBUG | 2019-01-21 14:09:05.099 | [main] cep.Main (Main.java:31) - Esper Test ......  !
DEBUG | 2019-01-21 14:09:05.106 | [main] processor.Engine (Engine.java:60) - CEP Engine Setup ...
DEBUG | 2019-01-21 14:09:05.388 | [main] processor.Engine (Engine.java:106) - Deleting previous registered Event Schema and Statements  ...
DEBUG | 2019-01-21 14:09:05.388 | [main] processor.Engine (Engine.java:111) - Reading EPL file ...
DEBUG | 2019-01-21 14:09:05.392 | [main] processor.Engine (Engine.java:117) - false
DEBUG | 2019-01-21 14:09:05.392 | [main] processor.Engine (Engine.java:118) - /src/main/resources
DEBUG | 2019-01-21 14:09:05.960 | [Thread-1] processor.Engine (Engine.java:78) - Successfully started Esper Runtime ...
DEBUG | 2019-01-21 14:09:17.522 | [main] cep.Main (Main.java:31) - Esper Test ......  !
DEBUG | 2019-01-21 14:09:17.539 | [main] processor.Engine (Engine.java:60) - CEP Engine Setup ...
DEBUG | 2019-01-21 14:09:17.746 | [main] processor.Engine (Engine.java:106) - Deleting previous registered Event Schema and Statements  ...
DEBUG | 2019-01-21 14:09:17.746 | [main] processor.Engine (Engine.java:111) - Reading EPL file ...
DEBUG | 2019-01-21 14:09:17.747 | [main] processor.Engine (Engine.java:117) - false
DEBUG | 2019-01-21 14:09:17.747 | [main] processor.Engine (Engine.java:118) - /home/erickpetersen/Documents/IdeaProjects/cep/../src/main/resources
DEBUG | 2019-01-21 14:09:18.378 | [Thread-1] processor.Engine (Engine.java:78) - Successfully started Esper Runtime ...
DEBUG | 2019-01-21 14:09:44.626 | [main] cep.Main (Main.java:31) - Esper Test ......  !
DEBUG | 2019-01-21 14:09:44.633 | [main] processor.Engine (Engine.java:60) - CEP Engine Setup ...
DEBUG | 2019-01-21 14:09:44.835 | [main] processor.Engine (Engine.java:106) - Deleting previous registered Event Schema and Statements  ...
DEBUG | 2019-01-21 14:09:44.835 | [main] processor.Engine (Engine.java:111) - Reading EPL file ...
DEBUG | 2019-01-21 14:09:44.836 | [main] processor.Engine (Engine.java:117) - false
DEBUG | 2019-01-21 14:09:44.837 | [main] processor.Engine (Engine.java:118) - /home/erickpetersen/Documents/IdeaProjects/cep/./src/main/resources
DEBUG | 2019-01-21 14:09:45.720 | [Thread-1] processor.Engine (Engine.java:78) - Successfully started Esper Runtime ...
DEBUG | 2019-01-21 14:10:09.339 | [main] cep.Main (Main.java:31) - Esper Test ......  !
DEBUG | 2019-01-21 14:10:09.354 | [main] processor.Engine (Engine.java:60) - CEP Engine Setup ...
DEBUG | 2019-01-21 14:10:09.593 | [main] processor.Engine (Engine.java:106) - Deleting previous registered Event Schema and Statements  ...
DEBUG | 2019-01-21 14:10:09.593 | [main] processor.Engine (Engine.java:111) - Reading EPL file ...
DEBUG | 2019-01-21 14:10:09.594 | [main] processor.Engine (Engine.java:117) - false
DEBUG | 2019-01-21 14:10:09.595 | [main] processor.Engine (Engine.java:118) - /home/erickpetersen/Documents/IdeaProjects/cep/./src/main/resources/conf.epl
DEBUG | 2019-01-21 14:10:10.236 | [Thread-1] processor.Engine (Engine.java:78) - Successfully started Esper Runtime ...
DEBUG | 2019-01-21 14:10:27.242 | [main] cep.Main (Main.java:31) - Esper Test ......  !
DEBUG | 2019-01-21 14:10:27.250 | [main] processor.Engine (Engine.java:60) - CEP Engine Setup ...
DEBUG | 2019-01-21 14:10:27.495 | [main] processor.Engine (Engine.java:106) - Deleting previous registered Event Schema and Statements  ...
DEBUG | 2019-01-21 14:10:27.496 | [main] processor.Engine (Engine.java:111) - Reading EPL file ...
DEBUG | 2019-01-21 14:10:27.499 | [main] processor.Engine (Engine.java:117) - true
DEBUG | 2019-01-21 14:10:27.499 | [main] processor.Engine (Engine.java:118) - /home/erickpetersen/Documents/IdeaProjects/cep/./src/main/resources/conf.epl
DEBUG | 2019-01-21 14:10:28.084 | [Thread-1] processor.Engine (Engine.java:78) - Successfully started Esper Runtime ...
DEBUG | 2019-01-21 14:12:03.709 | [main] cep.Main (Main.java:31) - Esper Test ......  !
DEBUG | 2019-01-21 14:12:03.718 | [main] processor.Engine (Engine.java:60) - CEP Engine Setup ...
DEBUG | 2019-01-21 14:12:03.892 | [main] processor.Engine (Engine.java:106) - Deleting previous registered Event Schema and Statements  ...
DEBUG | 2019-01-21 14:12:03.892 | [main] processor.Engine (Engine.java:111) - Reading EPL file ...
DEBUG | 2019-01-21 14:12:04.609 | [Thread-1] processor.Engine (Engine.java:78) - Successfully started Esper Runtime ...
DEBUG | 2019-01-21 14:13:21.319 | [main] cep.Main (Main.java:31) - Esper Test ......  !
DEBUG | 2019-01-21 14:13:21.327 | [main] processor.Engine (Engine.java:60) - CEP Engine Setup ...
DEBUG | 2019-01-21 14:13:21.537 | [main] processor.Engine (Engine.java:106) - Deleting previous registered Event Schema and Statements  ...
DEBUG | 2019-01-21 14:13:21.537 | [main] processor.Engine (Engine.java:111) - Reading EPL file ...
DEBUG | 2019-01-21 14:13:21.854 | [main] processor.Engine (Engine.java:114) - Registering new Event Schema and Statements  ...
DEBUG | 2019-01-21 14:13:22.397 | [Thread-1] processor.Engine (Engine.java:78) - Successfully started Esper Runtime ...
DEBUG | 2019-01-21 14:13:25.839 | [main] processor.Engine (Engine.java:121) - CreateEventSchema
DEBUG | 2019-01-21 14:13:25.840 | [main] processor.Engine (Engine.java:121) - Rule_Class1
DEBUG | 2019-01-21 14:13:25.840 | [main] processor.Engine (Engine.java:121) - Rule_Class2
DEBUG | 2019-01-21 14:22:16.653 | [main] cep.Main (Main.java:31) - Esper Test ......  !
DEBUG | 2019-01-21 14:22:16.658 | [main] processor.Engine (Engine.java:60) - CEP Engine Setup ...
DEBUG | 2019-01-21 14:22:16.891 | [main] processor.Engine (Engine.java:106) - Deleting previous registered Event Schema and Statements  ...
DEBUG | 2019-01-21 14:22:16.891 | [main] processor.Engine (Engine.java:111) - Reading EPL file ...
DEBUG | 2019-01-21 14:22:17.222 | [main] processor.Engine (Engine.java:114) - Registering new Event Schema and Statements  ...
DEBUG | 2019-01-21 14:22:17.604 | [Thread-1] processor.Engine (Engine.java:78) - Successfully started Esper Runtime ...
DEBUG | 2019-01-21 14:22:20.317 | [main] processor.Engine (Engine.java:121) - com.espertech.esper.common.internal.event.map.MapEventType@ecf9fb3
DEBUG | 2019-01-21 14:22:20.318 | [main] processor.Engine (Engine.java:122) - CreateEventSchema
DEBUG | 2019-01-21 14:22:20.318 | [main] processor.Engine (Engine.java:121) - com.espertech.esper.common.internal.event.map.MapEventType@ecf9fb3
DEBUG | 2019-01-21 14:22:20.319 | [main] processor.Engine (Engine.java:122) - Rule_Class1
DEBUG | 2019-01-21 14:22:20.319 | [main] processor.Engine (Engine.java:121) - com.espertech.esper.common.internal.event.map.MapEventType@ecf9fb3
DEBUG | 2019-01-21 14:22:20.320 | [main] processor.Engine (Engine.java:122) - Rule_Class2
DEBUG | 2019-01-21 14:23:07.555 | [main] cep.Main (Main.java:31) - Esper Test ......  !
DEBUG | 2019-01-21 14:23:07.571 | [main] processor.Engine (Engine.java:60) - CEP Engine Setup ...
DEBUG | 2019-01-21 14:23:07.733 | [main] processor.Engine (Engine.java:106) - Deleting previous registered Event Schema and Statements  ...
DEBUG | 2019-01-21 14:23:07.733 | [main] processor.Engine (Engine.java:111) - Reading EPL file ...
DEBUG | 2019-01-21 14:23:07.968 | [main] processor.Engine (Engine.java:114) - Registering new Event Schema and Statements  ...
DEBUG | 2019-01-21 14:23:08.343 | [Thread-1] processor.Engine (Engine.java:78) - Successfully started Esper Runtime ...
DEBUG | 2019-01-21 14:23:10.453 | [main] processor.Engine (Engine.java:121) - [Ljava.lang.annotation.Annotation;@1deb2c43
DEBUG | 2019-01-21 14:23:10.454 | [main] processor.Engine (Engine.java:122) - CreateEventSchema
DEBUG | 2019-01-21 14:23:10.454 | [main] processor.Engine (Engine.java:121) - [Ljava.lang.annotation.Annotation;@3bb9efbc
DEBUG | 2019-01-21 14:23:10.455 | [main] processor.Engine (Engine.java:122) - Rule_Class1
DEBUG | 2019-01-21 14:23:10.456 | [main] processor.Engine (Engine.java:121) - [Ljava.lang.annotation.Annotation;@1cefc4b3
DEBUG | 2019-01-21 14:23:10.456 | [main] processor.Engine (Engine.java:122) - Rule_Class2
DEBUG | 2019-01-21 14:23:30.670 | [main] cep.Main (Main.java:31) - Esper Test ......  !
DEBUG | 2019-01-21 14:23:30.679 | [main] processor.Engine (Engine.java:60) - CEP Engine Setup ...
DEBUG | 2019-01-21 14:23:30.830 | [main] processor.Engine (Engine.java:106) - Deleting previous registered Event Schema and Statements  ...
DEBUG | 2019-01-21 14:23:30.830 | [main] processor.Engine (Engine.java:111) - Reading EPL file ...
DEBUG | 2019-01-21 14:23:31.130 | [main] processor.Engine (Engine.java:114) - Registering new Event Schema and Statements  ...
DEBUG | 2019-01-21 14:23:31.488 | [Thread-1] processor.Engine (Engine.java:78) - Successfully started Esper Runtime ...
DEBUG | 2019-01-21 14:23:34.013 | [main] processor.Engine (Engine.java:121) - 2
DEBUG | 2019-01-21 14:23:34.013 | [main] processor.Engine (Engine.java:122) - CreateEventSchema
DEBUG | 2019-01-21 14:23:34.013 | [main] processor.Engine (Engine.java:121) - 3
DEBUG | 2019-01-21 14:23:34.013 | [main] processor.Engine (Engine.java:122) - Rule_Class1
DEBUG | 2019-01-21 14:23:34.013 | [main] processor.Engine (Engine.java:121) - 3
DEBUG | 2019-01-21 14:23:34.014 | [main] processor.Engine (Engine.java:122) - Rule_Class2
DEBUG | 2019-01-21 14:23:55.481 | [main] cep.Main (Main.java:31) - Esper Test ......  !
DEBUG | 2019-01-21 14:23:55.490 | [main] processor.Engine (Engine.java:60) - CEP Engine Setup ...
DEBUG | 2019-01-21 14:23:55.655 | [main] processor.Engine (Engine.java:106) - Deleting previous registered Event Schema and Statements  ...
DEBUG | 2019-01-21 14:23:55.656 | [main] processor.Engine (Engine.java:111) - Reading EPL file ...
DEBUG | 2019-01-21 14:23:55.931 | [main] processor.Engine (Engine.java:114) - Registering new Event Schema and Statements  ...
DEBUG | 2019-01-21 14:23:56.307 | [Thread-1] processor.Engine (Engine.java:78) - Successfully started Esper Runtime ...
DEBUG | 2019-01-21 14:23:58.581 | [main] processor.Engine (Engine.java:121) - @Name("CreateEventSchema")
DEBUG | 2019-01-21 14:23:58.581 | [main] processor.Engine (Engine.java:122) - CreateEventSchema
DEBUG | 2019-01-21 14:23:58.582 | [main] processor.Engine (Engine.java:121) - @Name("Rule_Class1")
DEBUG | 2019-01-21 14:23:58.582 | [main] processor.Engine (Engine.java:122) - Rule_Class1
DEBUG | 2019-01-21 14:23:58.583 | [main] processor.Engine (Engine.java:121) - @Name("Rule_Class2")
DEBUG | 2019-01-21 14:23:58.583 | [main] processor.Engine (Engine.java:122) - Rule_Class2
DEBUG | 2019-01-21 14:24:49.109 | [main] cep.Main (Main.java:31) - Esper Test ......  !
DEBUG | 2019-01-21 14:24:49.115 | [main] processor.Engine (Engine.java:60) - CEP Engine Setup ...
DEBUG | 2019-01-21 14:24:49.267 | [main] processor.Engine (Engine.java:106) - Deleting previous registered Event Schema and Statements  ...
DEBUG | 2019-01-21 14:24:49.267 | [main] processor.Engine (Engine.java:111) - Reading EPL file ...
DEBUG | 2019-01-21 14:24:49.480 | [main] processor.Engine (Engine.java:114) - Registering new Event Schema and Statements  ...
DEBUG | 2019-01-21 14:24:49.885 | [Thread-1] processor.Engine (Engine.java:78) - Successfully started Esper Runtime ...
DEBUG | 2019-01-21 14:24:51.874 | [main] processor.Engine (Engine.java:121) - @Description("Creating Event Schema for CEP")
DEBUG | 2019-01-21 14:24:51.875 | [main] processor.Engine (Engine.java:122) - CreateEventSchema
DEBUG | 2019-01-21 14:24:51.878 | [main] processor.Engine (Engine.java:121) - @Description("test rule1")
DEBUG | 2019-01-21 14:24:51.878 | [main] processor.Engine (Engine.java:122) - Rule_Class1
DEBUG | 2019-01-21 14:24:51.879 | [main] processor.Engine (Engine.java:121) - @Description("test rule2")
DEBUG | 2019-01-21 14:24:51.879 | [main] processor.Engine (Engine.java:122) - Rule_Class2
DEBUG | 2019-01-21 14:24:59.748 | [main] cep.Main (Main.java:31) - Esper Test ......  !
DEBUG | 2019-01-21 14:24:59.755 | [main] processor.Engine (Engine.java:60) - CEP Engine Setup ...
DEBUG | 2019-01-21 14:24:59.903 | [main] processor.Engine (Engine.java:106) - Deleting previous registered Event Schema and Statements  ...
DEBUG | 2019-01-21 14:24:59.903 | [main] processor.Engine (Engine.java:111) - Reading EPL file ...
DEBUG | 2019-01-21 14:25:00.126 | [main] processor.Engine (Engine.java:114) - Registering new Event Schema and Statements  ...
DEBUG | 2019-01-21 14:25:00.521 | [Thread-1] processor.Engine (Engine.java:78) - Successfully started Esper Runtime ...
DEBUG | 2019-01-21 14:25:02.987 | [main] processor.Engine (Engine.java:121) - @Description("Creating Event Schema for CEP")
DEBUG | 2019-01-21 14:25:02.987 | [main] processor.Engine (Engine.java:122) - CreateEventSchema
DEBUG | 2019-01-21 14:25:02.987 | [main] processor.Engine (Engine.java:121) - @Description("test rule1")
DEBUG | 2019-01-21 14:25:02.988 | [main] processor.Engine (Engine.java:122) - Rule_Class1
DEBUG | 2019-01-21 14:25:02.988 | [main] processor.Engine (Engine.java:121) - @Description("test rule2")
DEBUG | 2019-01-21 14:25:02.988 | [main] processor.Engine (Engine.java:122) - Rule_Class2
DEBUG | 2019-01-21 14:25:26.000 | [main] cep.Main (Main.java:31) - Esper Test ......  !
DEBUG | 2019-01-21 14:25:26.010 | [main] processor.Engine (Engine.java:60) - CEP Engine Setup ...
DEBUG | 2019-01-21 14:25:26.193 | [main] processor.Engine (Engine.java:106) - Deleting previous registered Event Schema and Statements  ...
DEBUG | 2019-01-21 14:25:26.193 | [main] processor.Engine (Engine.java:111) - Reading EPL file ...
DEBUG | 2019-01-21 14:25:26.421 | [main] processor.Engine (Engine.java:114) - Registering new Event Schema and Statements  ...
DEBUG | 2019-01-21 14:25:26.951 | [Thread-1] processor.Engine (Engine.java:78) - Successfully started Esper Runtime ...
DEBUG | 2019-01-21 14:25:47.833 | [main] cep.Main (Main.java:31) - Esper Test ......  !
DEBUG | 2019-01-21 14:25:47.838 | [main] processor.Engine (Engine.java:60) - CEP Engine Setup ...
DEBUG | 2019-01-21 14:25:48.053 | [main] processor.Engine (Engine.java:106) - Deleting previous registered Event Schema and Statements  ...
DEBUG | 2019-01-21 14:25:48.054 | [main] processor.Engine (Engine.java:111) - Reading EPL file ...
DEBUG | 2019-01-21 14:25:48.308 | [main] processor.Engine (Engine.java:114) - Registering new Event Schema and Statements  ...
DEBUG | 2019-01-21 14:25:48.642 | [Thread-1] processor.Engine (Engine.java:78) - Successfully started Esper Runtime ...
DEBUG | 2019-01-21 14:25:50.973 | [main] processor.Engine (Engine.java:121) - @Description("Creating Event Schema for CEP")
DEBUG | 2019-01-21 14:25:50.977 | [main] processor.Engine (Engine.java:122) - CreateEventSchema
DEBUG | 2019-01-21 14:25:50.978 | [main] processor.Engine (Engine.java:121) - @Description("test rule1")
DEBUG | 2019-01-21 14:25:50.979 | [main] processor.Engine (Engine.java:122) - Rule_Class1
DEBUG | 2019-01-21 14:25:50.980 | [main] processor.Engine (Engine.java:121) - @Description("test rule2")
DEBUG | 2019-01-21 14:25:50.980 | [main] processor.Engine (Engine.java:122) - Rule_Class2
DEBUG | 2019-01-21 14:26:49.559 | [main] cep.Main (Main.java:31) - Esper Test ......  !
DEBUG | 2019-01-21 14:26:49.572 | [main] processor.Engine (Engine.java:60) - CEP Engine Setup ...
DEBUG | 2019-01-21 14:26:49.778 | [main] processor.Engine (Engine.java:106) - Deleting previous registered Event Schema and Statements  ...
DEBUG | 2019-01-21 14:26:49.779 | [main] processor.Engine (Engine.java:111) - Reading EPL file ...
DEBUG | 2019-01-21 14:26:50.062 | [main] processor.Engine (Engine.java:114) - Registering new Event Schema and Statements  ...
DEBUG | 2019-01-21 14:26:50.381 | [Thread-1] processor.Engine (Engine.java:78) - Successfully started Esper Runtime ...
DEBUG | 2019-01-21 14:26:52.784 | [main] processor.Engine (Engine.java:121) - com.espertech.esper.runtime.internal.kernel.statement.EPStatementImpl@1deb2c43
DEBUG | 2019-01-21 14:26:52.789 | [main] processor.Engine (Engine.java:121) - com.espertech.esper.runtime.internal.kernel.statement.EPStatementImpl@3bb9efbc
DEBUG | 2019-01-21 14:26:52.790 | [main] processor.Engine (Engine.java:121) - com.espertech.esper.runtime.internal.kernel.statement.EPStatementImpl@1cefc4b3
DEBUG | 2019-01-21 14:41:10.669 | [main] cep.Main (Main.java:31) - Esper Test ......  !
DEBUG | 2019-01-21 14:41:10.679 | [main] processor.Engine (Engine.java:60) - CEP Engine Setup ...
DEBUG | 2019-01-21 14:41:10.832 | [main] processor.Engine (Engine.java:106) - Deleting previous registered Event Schema and Statements  ...
DEBUG | 2019-01-21 14:41:10.833 | [main] processor.Engine (Engine.java:111) - Reading EPL file ...
DEBUG | 2019-01-21 14:41:11.072 | [main] processor.Engine (Engine.java:114) - Registering new Event Schema and Statements  ...
DEBUG | 2019-01-21 14:41:11.462 | [Thread-1] processor.Engine (Engine.java:78) - Successfully started Esper Runtime ...
DEBUG | 2019-01-21 14:41:14.656 | [main] processor.Engine (Engine.java:120) - com.espertech.esper.runtime.internal.kernel.statement.EPStatementImpl@6f6a7463
DEBUG | 2019-01-21 14:43:40.574 | [main] cep.Main (Main.java:31) - Esper Test ......  !
DEBUG | 2019-01-21 14:43:40.583 | [main] processor.Engine (Engine.java:60) - CEP Engine Setup ...
DEBUG | 2019-01-21 14:43:40.752 | [main] processor.Engine (Engine.java:106) - Deleting previous registered Event Schema and Statements  ...
DEBUG | 2019-01-21 14:43:40.753 | [main] processor.Engine (Engine.java:111) - Reading EPL file ...
DEBUG | 2019-01-21 14:43:41.061 | [main] processor.Engine (Engine.java:114) - Registering new Event Schema and Statements  ...
DEBUG | 2019-01-21 14:43:41.562 | [Thread-1] processor.Engine (Engine.java:78) - Successfully started Esper Runtime ...
DEBUG | 2019-01-21 14:43:44.646 | [main] processor.Engine (Engine.java:121) - com.espertech.esper.common.internal.event.map.MapEventType@3bb9efbc
DEBUG | 2019-01-21 14:44:12.117 | [main] cep.Main (Main.java:31) - Esper Test ......  !
DEBUG | 2019-01-21 14:44:12.127 | [main] processor.Engine (Engine.java:60) - CEP Engine Setup ...
DEBUG | 2019-01-21 14:44:12.362 | [main] processor.Engine (Engine.java:106) - Deleting previous registered Event Schema and Statements  ...
DEBUG | 2019-01-21 14:44:12.362 | [main] processor.Engine (Engine.java:111) - Reading EPL file ...
DEBUG | 2019-01-21 14:44:12.668 | [main] processor.Engine (Engine.java:114) - Registering new Event Schema and Statements  ...
DEBUG | 2019-01-21 14:44:13.221 | [Thread-1] processor.Engine (Engine.java:78) - Successfully started Esper Runtime ...
DEBUG | 2019-01-21 14:44:15.626 | [main] processor.Engine (Engine.java:121) - CreateEventSchema
DEBUG | 2019-01-21 14:45:12.805 | [main] cep.Main (Main.java:31) - Esper Test ......  !
DEBUG | 2019-01-21 14:45:12.813 | [main] processor.Engine (Engine.java:60) - CEP Engine Setup ...
DEBUG | 2019-01-21 14:45:12.990 | [main] processor.Engine (Engine.java:106) - Deleting previous registered Event Schema and Statements  ...
DEBUG | 2019-01-21 14:45:12.990 | [main] processor.Engine (Engine.java:111) - Reading EPL file ...
DEBUG | 2019-01-21 14:45:13.367 | [main] processor.Engine (Engine.java:114) - Registering new Event Schema and Statements  ...
DEBUG | 2019-01-21 14:45:13.800 | [Thread-1] processor.Engine (Engine.java:78) - Successfully started Esper Runtime ...
DEBUG | 2019-01-21 14:45:17.053 | [main] processor.Engine (Engine.java:121) - com.espertech.esper.runtime.internal.kernel.statement.EPStatementImpl@60afd40d
DEBUG | 2019-01-21 14:45:30.528 | [main] cep.Main (Main.java:31) - Esper Test ......  !
DEBUG | 2019-01-21 14:45:30.535 | [main] processor.Engine (Engine.java:60) - CEP Engine Setup ...
DEBUG | 2019-01-21 14:45:30.789 | [main] processor.Engine (Engine.java:106) - Deleting previous registered Event Schema and Statements  ...
DEBUG | 2019-01-21 14:45:30.789 | [main] processor.Engine (Engine.java:111) - Reading EPL file ...
DEBUG | 2019-01-21 14:45:31.094 | [main] processor.Engine (Engine.java:114) - Registering new Event Schema and Statements  ...
DEBUG | 2019-01-21 14:45:31.712 | [Thread-1] processor.Engine (Engine.java:78) - Successfully started Esper Runtime ...
DEBUG | 2019-01-21 14:45:34.277 | [main] processor.Engine (Engine.java:121) - com.espertech.esper.runtime.internal.kernel.statement.EPStatementImpl@6f6a7463
DEBUG | 2019-01-21 14:47:40.717 | [main] cep.Main (Main.java:31) - Esper Test ......  !
DEBUG | 2019-01-21 14:47:40.724 | [main] processor.Engine (Engine.java:60) - CEP Engine Setup ...
DEBUG | 2019-01-21 14:47:40.954 | [main] processor.Engine (Engine.java:106) - Deleting previous registered Event Schema and Statements  ...
DEBUG | 2019-01-21 14:47:40.954 | [main] processor.Engine (Engine.java:111) - Reading EPL file ...
DEBUG | 2019-01-21 14:47:41.273 | [main] processor.Engine (Engine.java:114) - Registering new Event Schema and Statements  ...
DEBUG | 2019-01-21 14:47:41.738 | [Thread-1] processor.Engine (Engine.java:78) - Successfully started Esper Runtime ...
DEBUG | 2019-01-21 14:47:44.350 | [main] processor.Engine (Engine.java:121) - null
DEBUG | 2019-01-21 15:05:13.418 | [main] cep.Main (Main.java:31) - Esper Test ......  !
DEBUG | 2019-01-21 15:05:13.429 | [main] processor.Engine (Engine.java:53) - CEP Engine Setup ...
DEBUG | 2019-01-21 15:05:13.596 | [main] processor.Engine (Engine.java:99) - Deleting previous registered Event Schema and Statements  ...
DEBUG | 2019-01-21 15:05:13.597 | [main] processor.Engine (Engine.java:104) - Reading EPL file ...
DEBUG | 2019-01-21 15:05:13.817 | [main] processor.Engine (Engine.java:107) - Registering new Event Schema and Statements  ...
DEBUG | 2019-01-21 15:05:14.246 | [Thread-1] processor.Engine (Engine.java:71) - Successfully started Esper Runtime ...
DEBUG | 2019-01-21 15:05:17.011 | [main] processor.Engine (Engine.java:117) - com.espertech.esper.runtime.internal.kernel.statement.EPStatementImpl@1deb2c43
DEBUG | 2019-01-21 15:05:54.304 | [main] cep.Main (Main.java:31) - Esper Test ......  !
DEBUG | 2019-01-21 15:05:54.309 | [main] processor.Engine (Engine.java:53) - CEP Engine Setup ...
DEBUG | 2019-01-21 15:05:54.493 | [main] processor.Engine (Engine.java:99) - Deleting previous registered Event Schema and Statements  ...
DEBUG | 2019-01-21 15:05:54.494 | [main] processor.Engine (Engine.java:104) - Reading EPL file ...
DEBUG | 2019-01-21 15:05:54.721 | [main] processor.Engine (Engine.java:107) - Registering new Event Schema and Statements  ...
DEBUG | 2019-01-21 15:05:55.068 | [Thread-1] processor.Engine (Engine.java:71) - Successfully started Esper Runtime ...
DEBUG | 2019-01-21 15:05:57.558 | [main] processor.Engine (Engine.java:117) - com.espertech.esper.runtime.internal.kernel.statement.EPStatementImpl@51b01960
DEBUG | 2019-01-21 15:24:55.470 | [main] cep.Main (Main.java:31) - Esper Test ......  !
DEBUG | 2019-01-21 15:24:55.476 | [main] processor.Engine (Engine.java:53) - CEP Engine Setup ...
DEBUG | 2019-01-21 15:24:55.690 | [main] processor.Engine (Engine.java:99) - Deleting previous registered Event Schema and Statements  ...
DEBUG | 2019-01-21 15:24:55.690 | [main] processor.Engine (Engine.java:104) - Reading EPL file ...
DEBUG | 2019-01-21 15:24:55.979 | [main] processor.Engine (Engine.java:107) - size:3
DEBUG | 2019-01-21 15:24:55.982 | [main] processor.Engine (Engine.java:109) - Registering new Event Schema and Statements  ...
DEBUG | 2019-01-21 15:24:56.332 | [Thread-1] processor.Engine (Engine.java:71) - Successfully started Esper Runtime ...
DEBUG | 2019-01-21 15:27:04.820 | [main] cep.Main (Main.java:31) - Esper Test ......  !
DEBUG | 2019-01-21 15:27:04.825 | [main] processor.Engine (Engine.java:53) - CEP Engine Setup ...
DEBUG | 2019-01-21 15:27:04.985 | [main] processor.Engine (Engine.java:99) - Deleting previous registered Event Schema and Statements  ...
DEBUG | 2019-01-21 15:27:04.985 | [main] processor.Engine (Engine.java:104) - Reading EPL file ...
DEBUG | 2019-01-21 15:27:05.241 | [main] processor.Engine (Engine.java:108) - Registering new Event Schema and Statements  ...
DEBUG | 2019-01-21 15:27:05.634 | [Thread-1] processor.Engine (Engine.java:71) - Successfully started Esper Runtime ...
DEBUG | 2019-01-21 15:27:07.992 | [main] processor.Engine (Engine.java:117) - com.espertech.esper.common.client.module.ModuleItem@1deb2c43
DEBUG | 2019-01-21 15:27:49.032 | [main] cep.Main (Main.java:31) - Esper Test ......  !
DEBUG | 2019-01-21 15:27:49.042 | [main] processor.Engine (Engine.java:53) - CEP Engine Setup ...
DEBUG | 2019-01-21 15:27:49.243 | [main] processor.Engine (Engine.java:99) - Deleting previous registered Event Schema and Statements  ...
DEBUG | 2019-01-21 15:27:49.243 | [main] processor.Engine (Engine.java:104) - Reading EPL file ...
DEBUG | 2019-01-21 15:27:49.537 | [main] processor.Engine (Engine.java:108) - Registering new Event Schema and Statements  ...
DEBUG | 2019-01-21 15:27:49.932 | [Thread-1] processor.Engine (Engine.java:71) - Successfully started Esper Runtime ...
DEBUG | 2019-01-21 15:27:52.389 | [main] processor.Engine (Engine.java:117) - @Name('CreateEventSchema')
@Description('Creating Event Schema for CEP')
create schema Event as (
    A0 double,
    A1 double,
    A2 double,
    A3 double,
    A4 double,
    A5 double,
    A6 double,
    A7 double,
    A8 double,
    A9 double,
    A10 double,
    A11 double,
    A12 double,
    A13 double,
    A14 double,
    A15 double,
    A16 double,
    A17 double,
    A18 double,
    A19 double,
    A20 double,
    A21 double,
    A22 double,
    A23 double,
    A24 double,
    A25 double,
    A26 double,
    A27 double,
    A28 double,
    A29 double,
    A30 double,
    A31 double,
    A32 double,
    A33 double,
    A34 double,
    A35 double,
    A36 double,
    A37 double,
    A38 double,
    A39 double,
    A40 double,
    Type string
)
DEBUG | 2019-01-21 15:32:33.260 | [main] cep.Main (Main.java:31) - Esper Test ......  !
DEBUG | 2019-01-21 15:32:33.266 | [main] processor.Engine (Engine.java:53) - CEP Engine Setup ...
DEBUG | 2019-01-21 15:32:33.446 | [main] processor.Engine (Engine.java:99) - Deleting previous registered Event Schema and Statements  ...
DEBUG | 2019-01-21 15:32:33.447 | [main] processor.Engine (Engine.java:104) - Reading EPL file ...
DEBUG | 2019-01-21 15:32:33.677 | [main] processor.Engine (Engine.java:108) - Registering new Event Schema and Statements  ...
DEBUG | 2019-01-21 15:32:34.150 | [Thread-1] processor.Engine (Engine.java:71) - Successfully started Esper Runtime ...
DEBUG | 2019-01-21 15:33:23.852 | [main] cep.Main (Main.java:31) - Esper Test ......  !
DEBUG | 2019-01-21 15:33:23.867 | [main] processor.Engine (Engine.java:53) - CEP Engine Setup ...
DEBUG | 2019-01-21 15:33:24.069 | [main] processor.Engine (Engine.java:99) - Deleting previous registered Event Schema and Statements  ...
DEBUG | 2019-01-21 15:33:24.070 | [main] processor.Engine (Engine.java:104) - Reading EPL file ...
DEBUG | 2019-01-21 15:33:24.284 | [main] processor.Engine (Engine.java:108) - Registering new Event Schema and Statements  ...
DEBUG | 2019-01-21 15:33:24.662 | [Thread-1] processor.Engine (Engine.java:71) - Successfully started Esper Runtime ...
DEBUG | 2019-01-21 15:33:27.081 | [main] processor.Engine (Engine.java:117) - Schema
DEBUG | 2019-01-21 15:33:50.527 | [main] cep.Main (Main.java:31) - Esper Test ......  !
DEBUG | 2019-01-21 15:33:50.535 | [main] processor.Engine (Engine.java:53) - CEP Engine Setup ...
DEBUG | 2019-01-21 15:33:50.727 | [main] processor.Engine (Engine.java:99) - Deleting previous registered Event Schema and Statements  ...
DEBUG | 2019-01-21 15:33:50.728 | [main] processor.Engine (Engine.java:104) - Reading EPL file ...
DEBUG | 2019-01-21 15:33:50.965 | [main] processor.Engine (Engine.java:108) - Registering new Event Schema and Statements  ...
DEBUG | 2019-01-21 15:33:51.312 | [Thread-1] processor.Engine (Engine.java:71) - Successfully started Esper Runtime ...
DEBUG | 2019-01-21 15:33:53.576 | [main] processor.Engine (Engine.java:117) - for
DEBUG | 2019-01-21 15:34:04.466 | [main] cep.Main (Main.java:31) - Esper Test ......  !
DEBUG | 2019-01-21 15:34:04.471 | [main] processor.Engine (Engine.java:53) - CEP Engine Setup ...
DEBUG | 2019-01-21 15:34:04.651 | [main] processor.Engine (Engine.java:99) - Deleting previous registered Event Schema and Statements  ...
DEBUG | 2019-01-21 15:34:04.651 | [main] processor.Engine (Engine.java:104) - Reading EPL file ...
DEBUG | 2019-01-21 15:34:04.851 | [main] processor.Engine (Engine.java:108) - Registering new Event Schema and Statements  ...
DEBUG | 2019-01-21 15:34:05.249 | [Thread-1] processor.Engine (Engine.java:71) - Successfully started Esper Runtime ...
DEBUG | 2019-01-21 15:34:07.375 | [main] processor.Engine (Engine.java:117) - CEP')
create
DEBUG | 2019-01-21 15:36:36.549 | [main] cep.Main (Main.java:31) - Esper Test ......  !
DEBUG | 2019-01-21 15:36:36.562 | [main] processor.Engine (Engine.java:53) - CEP Engine Setup ...
DEBUG | 2019-01-21 15:36:36.756 | [main] processor.Engine (Engine.java:99) - Deleting previous registered Event Schema and Statements  ...
DEBUG | 2019-01-21 15:36:36.757 | [main] processor.Engine (Engine.java:104) - Reading EPL file ...
DEBUG | 2019-01-21 15:36:37.011 | [main] processor.Engine (Engine.java:108) - Registering new Event Schema and Statements  ...
DEBUG | 2019-01-21 15:36:37.378 | [Thread-1] processor.Engine (Engine.java:71) - Successfully started Esper Runtime ...
DEBUG | 2019-01-21 15:36:39.220 | [main] processor.Engine (Engine.java:117) - Event
DEBUG | 2019-01-21 15:40:41.150 | [main] cep.Main (Main.java:31) - Esper Test ......  !
DEBUG | 2019-01-21 15:40:41.158 | [main] processor.Engine (Engine.java:53) - CEP Engine Setup ...
DEBUG | 2019-01-21 15:40:41.384 | [main] processor.Engine (Engine.java:99) - Deleting previous registered Event Schema and Statements  ...
DEBUG | 2019-01-21 15:40:41.385 | [main] processor.Engine (Engine.java:104) - Reading EPL file ...
DEBUG | 2019-01-21 15:40:41.700 | [main] processor.Engine (Engine.java:108) - Registering new Event Schema and Statements  ...
DEBUG | 2019-01-21 15:40:42.046 | [Thread-1] processor.Engine (Engine.java:71) - Successfully started Esper Runtime ...
DEBUG | 2019-01-21 15:40:57.622 | [main] cep.Main (Main.java:31) - Esper Test ......  !
DEBUG | 2019-01-21 15:40:57.627 | [main] processor.Engine (Engine.java:53) - CEP Engine Setup ...
DEBUG | 2019-01-21 15:40:57.827 | [main] processor.Engine (Engine.java:99) - Deleting previous registered Event Schema and Statements  ...
DEBUG | 2019-01-21 15:40:57.828 | [main] processor.Engine (Engine.java:104) - Reading EPL file ...
DEBUG | 2019-01-21 15:40:58.098 | [main] processor.Engine (Engine.java:108) - Registering new Event Schema and Statements  ...
DEBUG | 2019-01-21 15:40:58.434 | [Thread-1] processor.Engine (Engine.java:71) - Successfully started Esper Runtime ...
DEBUG | 2019-01-21 15:41:00.872 | [main] processor.Engine (Engine.java:128) - Event
DEBUG | 2019-01-21 15:46:31.275 | [main] cep.Main (Main.java:31) - Esper Test ......  !
DEBUG | 2019-01-21 15:46:31.282 | [main] processor.Engine (Engine.java:53) - CEP Engine Setup ...
DEBUG | 2019-01-21 15:46:31.476 | [main] processor.Engine (Engine.java:99) - Deleting previous registered Event Schema and Statements  ...
DEBUG | 2019-01-21 15:46:31.477 | [main] processor.Engine (Engine.java:104) - Reading EPL file ...
DEBUG | 2019-01-21 15:46:31.651 | [main] processor.Engine (Engine.java:108) - Registering new Event Schema and Statements  ...
DEBUG | 2019-01-21 15:46:32.063 | [Thread-1] processor.Engine (Engine.java:71) - Successfully started Esper Runtime ...
DEBUG | 2019-01-21 15:50:18.474 | [main] cep.Main (Main.java:31) - Esper Test ......  !
DEBUG | 2019-01-21 15:50:18.481 | [main] processor.Engine (Engine.java:53) - CEP Engine Setup ...
DEBUG | 2019-01-21 15:50:18.662 | [main] processor.Engine (Engine.java:101) - Deleting previous registered Event Schema and Statements  ...
DEBUG | 2019-01-21 15:50:18.663 | [main] processor.Engine (Engine.java:106) - Reading EPL file ...
DEBUG | 2019-01-21 15:50:18.913 | [main] processor.Engine (Engine.java:110) - Registering new Event Schema and Statements  ...
DEBUG | 2019-01-21 15:50:19.341 | [Thread-1] processor.Engine (Engine.java:73) - Successfully started Esper Runtime ...
DEBUG | 2019-01-21 16:02:20.139 | [main] cep.Main (Main.java:31) - Esper Test ......  !
DEBUG | 2019-01-21 16:02:20.145 | [main] processor.Engine (Engine.java:53) - CEP Engine Setup ...
DEBUG | 2019-01-21 16:02:20.352 | [main] processor.Engine (Engine.java:100) - Deleting previous registered Event Schema and Statements  ...
DEBUG | 2019-01-21 16:02:20.352 | [main] processor.Engine (Engine.java:105) - Reading EPL file ...
DEBUG | 2019-01-21 16:02:20.586 | [main] processor.Engine (Engine.java:109) - Registering new Event Schema and Statements  ...
DEBUG | 2019-01-21 16:02:20.950 | [Thread-1] processor.Engine (Engine.java:72) - Successfully started Esper Runtime ...
DEBUG | 2019-01-21 16:02:23.140 | [Thread-2] collector.Generator (Generator.java:32) - Publish events from Csv filename ...
DEBUG | 2019-01-21 16:05:55.580 | [main] cep.Main (Main.java:31) - Esper Test ......  !
DEBUG | 2019-01-21 16:05:55.593 | [main] processor.Engine (Engine.java:53) - CEP Engine Setup ...
DEBUG | 2019-01-21 16:05:55.761 | [main] processor.Engine (Engine.java:100) - Deleting previous registered Event Schema and Statements  ...
DEBUG | 2019-01-21 16:05:55.761 | [main] processor.Engine (Engine.java:105) - Reading EPL file ...
DEBUG | 2019-01-21 16:05:55.982 | [main] processor.Engine (Engine.java:109) - Registering new Event Schema and Statements  ...
DEBUG | 2019-01-21 16:05:56.378 | [Thread-1] processor.Engine (Engine.java:72) - Successfully started Esper Runtime ...
DEBUG | 2019-01-21 16:05:58.974 | [Thread-2] collector.Generator (Generator.java:32) - Publish events from Csv filename ...
DEBUG | 2019-01-21 16:20:13.054 | [main] cep.Main (Main.java:31) - Esper Test ......  !
DEBUG | 2019-01-21 16:20:13.063 | [main] processor.Engine (Engine.java:53) - CEP Engine Setup ...
DEBUG | 2019-01-21 16:20:13.310 | [main] processor.Engine (Engine.java:101) - Deleting previous registered Event Schema and Statements  ...
DEBUG | 2019-01-21 16:20:13.311 | [main] processor.Engine (Engine.java:106) - Reading EPL file ...
DEBUG | 2019-01-21 16:20:13.530 | [main] processor.Engine (Engine.java:110) - Registering new Event Schema and Statements  ...
DEBUG | 2019-01-21 16:20:13.902 | [Thread-1] processor.Engine (Engine.java:73) - Successfully started Esper Runtime ...
DEBUG | 2019-01-21 16:20:16.112 | [main] processor.Engine (Engine.java:122) - Event
DEBUG | 2019-01-21 16:20:16.130 | [Thread-2] collector.Generator (Generator.java:32) - Publish events from Csv filename ...
DEBUG | 2019-01-21 16:20:39.267 | [main] cep.Main (Main.java:31) - Esper Test ......  !
DEBUG | 2019-01-21 16:20:39.272 | [main] processor.Engine (Engine.java:53) - CEP Engine Setup ...
DEBUG | 2019-01-21 16:20:39.443 | [main] processor.Engine (Engine.java:101) - Deleting previous registered Event Schema and Statements  ...
DEBUG | 2019-01-21 16:20:39.443 | [main] processor.Engine (Engine.java:106) - Reading EPL file ...
DEBUG | 2019-01-21 16:20:39.653 | [main] processor.Engine (Engine.java:110) - Registering new Event Schema and Statements  ...
DEBUG | 2019-01-21 16:20:40.002 | [Thread-1] processor.Engine (Engine.java:73) - Successfully started Esper Runtime ...
DEBUG | 2019-01-21 16:20:42.644 | [main] processor.Engine (Engine.java:122) - Event
DEBUG | 2019-01-21 16:20:42.662 | [Thread-2] collector.Generator (Generator.java:32) - Publish events from Csv filename ...
DEBUG | 2019-01-21 16:21:31.564 | [main] cep.Main (Main.java:31) - Esper Test ......  !
DEBUG | 2019-01-21 16:21:31.569 | [main] processor.Engine (Engine.java:53) - CEP Engine Setup ...
DEBUG | 2019-01-21 16:21:31.763 | [main] processor.Engine (Engine.java:101) - Deleting previous registered Event Schema and Statements  ...
DEBUG | 2019-01-21 16:21:31.764 | [main] processor.Engine (Engine.java:106) - Reading EPL file ...
DEBUG | 2019-01-21 16:21:32.036 | [main] processor.Engine (Engine.java:110) - Registering new Event Schema and Statements  ...
DEBUG | 2019-01-21 16:21:32.433 | [Thread-1] processor.Engine (Engine.java:73) - Successfully started Esper Runtime ...
DEBUG | 2019-01-21 16:21:34.764 | [main] processor.Engine (Engine.java:122) - jppp:Event
DEBUG | 2019-01-21 16:21:34.770 | [Thread-2] collector.Generator (Generator.java:32) - Publish events from Csv filename ...
DEBUG | 2019-01-21 16:22:04.179 | [main] cep.Main (Main.java:31) - Esper Test ......  !
DEBUG | 2019-01-21 16:22:04.187 | [main] processor.Engine (Engine.java:53) - CEP Engine Setup ...
DEBUG | 2019-01-21 16:22:04.344 | [main] processor.Engine (Engine.java:101) - Deleting previous registered Event Schema and Statements  ...
DEBUG | 2019-01-21 16:22:04.345 | [main] processor.Engine (Engine.java:106) - Reading EPL file ...
DEBUG | 2019-01-21 16:22:04.629 | [main] processor.Engine (Engine.java:110) - Registering new Event Schema and Statements  ...
DEBUG | 2019-01-21 16:22:04.949 | [Thread-1] processor.Engine (Engine.java:73) - Successfully started Esper Runtime ...
DEBUG | 2019-01-21 16:22:07.259 | [main] processor.Engine (Engine.java:122) - jppp:Event
DEBUG | 2019-01-21 16:22:07.277 | [Thread-2] collector.Generator (Generator.java:32) - Publish events from Csv filename ...
DEBUG | 2019-01-21 16:22:48.335 | [main] cep.Main (Main.java:31) - Esper Test ......  !
DEBUG | 2019-01-21 16:22:48.340 | [main] processor.Engine (Engine.java:53) - CEP Engine Setup ...
DEBUG | 2019-01-21 16:22:48.477 | [main] processor.Engine (Engine.java:101) - Deleting previous registered Event Schema and Statements  ...
DEBUG | 2019-01-21 16:22:48.477 | [main] processor.Engine (Engine.java:106) - Reading EPL file ...
DEBUG | 2019-01-21 16:22:48.705 | [main] processor.Engine (Engine.java:110) - Registering new Event Schema and Statements  ...
DEBUG | 2019-01-21 16:22:49.139 | [Thread-1] processor.Engine (Engine.java:73) - Successfully started Esper Runtime ...
DEBUG | 2019-01-21 16:22:51.174 | [main] processor.Engine (Engine.java:122) - jppp:Event
DEBUG | 2019-01-21 16:22:51.193 | [Thread-2] collector.Generator (Generator.java:32) - Publish events from Csv filename ...
DEBUG | 2019-01-21 16:34:34.094 | [main] cep.Main (Main.java:31) - Esper Test ......  !
DEBUG | 2019-01-21 16:34:34.113 | [main] processor.Engine (Engine.java:53) - CEP Engine Setup ...
DEBUG | 2019-01-21 16:34:34.388 | [main] processor.Engine (Engine.java:101) - Deleting previous registered Event Schema and Statements  ...
DEBUG | 2019-01-21 16:34:34.389 | [main] processor.Engine (Engine.java:106) - Reading EPL file ...
DEBUG | 2019-01-21 16:34:34.689 | [main] processor.Engine (Engine.java:110) - Registering new Event Schema and Statements  ...
DEBUG | 2019-01-21 16:34:35.566 | [Thread-1] processor.Engine (Engine.java:73) - Successfully started Esper Runtime ...
DEBUG | 2019-01-21 16:34:38.288 | [main] processor.Engine (Engine.java:122) - jppp:Event
DEBUG | 2019-01-21 16:34:38.307 | [Thread-2] collector.Generator (Generator.java:34) - Publish events from Csv filename ...
DEBUG | 2019-01-21 16:35:22.732 | [main] cep.Main (Main.java:31) - Esper Test ......  !
DEBUG | 2019-01-21 16:35:22.741 | [main] processor.Engine (Engine.java:53) - CEP Engine Setup ...
DEBUG | 2019-01-21 16:35:22.886 | [main] processor.Engine (Engine.java:101) - Deleting previous registered Event Schema and Statements  ...
DEBUG | 2019-01-21 16:35:22.886 | [main] processor.Engine (Engine.java:106) - Reading EPL file ...
DEBUG | 2019-01-21 16:35:23.097 | [main] processor.Engine (Engine.java:110) - Registering new Event Schema and Statements  ...
DEBUG | 2019-01-21 16:35:23.496 | [Thread-1] processor.Engine (Engine.java:73) - Successfully started Esper Runtime ...
DEBUG | 2019-01-21 16:35:25.834 | [main] processor.Engine (Engine.java:122) - jppp:Event
DEBUG | 2019-01-21 16:35:25.852 | [Thread-2] collector.Generator (Generator.java:34) - Publish events from Csv filename ...
DEBUG | 2019-01-21 16:35:53.495 | [main] cep.Main (Main.java:31) - Esper Test ......  !
DEBUG | 2019-01-21 16:35:53.502 | [main] processor.Engine (Engine.java:53) - CEP Engine Setup ...
DEBUG | 2019-01-21 16:35:53.721 | [main] processor.Engine (Engine.java:101) - Deleting previous registered Event Schema and Statements  ...
DEBUG | 2019-01-21 16:35:53.721 | [main] processor.Engine (Engine.java:106) - Reading EPL file ...
DEBUG | 2019-01-21 16:35:54.000 | [main] processor.Engine (Engine.java:110) - Registering new Event Schema and Statements  ...
DEBUG | 2019-01-21 16:35:54.358 | [Thread-1] processor.Engine (Engine.java:73) - Successfully started Esper Runtime ...
DEBUG | 2019-01-21 16:36:43.208 | [main] cep.Main (Main.java:31) - Esper Test ......  !
DEBUG | 2019-01-21 16:36:43.215 | [main] processor.Engine (Engine.java:53) - CEP Engine Setup ...
DEBUG | 2019-01-21 16:36:43.385 | [main] processor.Engine (Engine.java:101) - Deleting previous registered Event Schema and Statements  ...
DEBUG | 2019-01-21 16:36:43.385 | [main] processor.Engine (Engine.java:106) - Reading EPL file ...
DEBUG | 2019-01-21 16:36:43.689 | [main] processor.Engine (Engine.java:110) - Registering new Event Schema and Statements  ...
DEBUG | 2019-01-21 16:36:44.037 | [Thread-1] processor.Engine (Engine.java:73) - Successfully started Esper Runtime ...
DEBUG | 2019-01-21 16:36:46.597 | [main] processor.Engine (Engine.java:122) - jppp:Eventp
DEBUG | 2019-01-21 16:36:46.617 | [Thread-2] collector.Generator (Generator.java:34) - Publish events from Csv filename ...
DEBUG | 2019-01-22 03:22:01.603 | [main] cep.Main (Main.java:31) - Esper Test ......  !
DEBUG | 2019-01-22 03:22:01.610 | [main] processor.Engine (Engine.java:53) - CEP Engine Setup ...
DEBUG | 2019-01-22 03:22:01.850 | [main] processor.Engine (Engine.java:101) - Deleting previous registered Event Schema and Statements  ...
DEBUG | 2019-01-22 03:22:01.851 | [main] processor.Engine (Engine.java:106) - Reading EPL file ...
DEBUG | 2019-01-22 03:22:02.093 | [main] processor.Engine (Engine.java:110) - Registering new Event Schema and Statements  ...
DEBUG | 2019-01-22 03:22:02.806 | [Thread-1] processor.Engine (Engine.java:73) - Successfully started Esper Runtime ...
DEBUG | 2019-01-22 03:22:05.473 | [main] processor.Engine (Engine.java:122) - jppp:Event
DEBUG | 2019-01-22 03:22:06.490 | [Thread-2] collector.Generator (Generator.java:34) - Publish events from Csv filename ...
DEBUG | 2019-01-22 03:26:55.727 | [main] cep.Main (Main.java:31) - Esper Test ......  !
DEBUG | 2019-01-22 03:26:55.733 | [main] processor.Engine (Engine.java:53) - CEP Engine Setup ...
DEBUG | 2019-01-22 03:26:55.948 | [main] processor.Engine (Engine.java:101) - Deleting previous registered Event Schema and Statements  ...
DEBUG | 2019-01-22 03:26:55.949 | [main] processor.Engine (Engine.java:106) - Reading EPL file ...
DEBUG | 2019-01-22 03:26:56.152 | [main] processor.Engine (Engine.java:110) - Registering new Event Schema and Statements  ...
DEBUG | 2019-01-22 03:26:56.473 | [Thread-1] processor.Engine (Engine.java:73) - Successfully started Esper Runtime ...
DEBUG | 2019-01-22 03:26:58.995 | [main] processor.Engine (Engine.java:124) - jppp:Event
DEBUG | 2019-01-22 03:26:59.015 | [Thread-2] collector.Generator (Generator.java:34) - Publish events from Csv filename ...
DEBUG | 2019-01-22 03:51:53.487 | [main] cep.Main (Main.java:31) - Esper Test ......  !
DEBUG | 2019-01-22 03:51:53.492 | [main] processor.Engine (Engine.java:53) - CEP Engine Setup ...
DEBUG | 2019-01-22 03:51:53.688 | [main] processor.Engine (Engine.java:101) - Deleting previous registered Event Schema and Statements  ...
DEBUG | 2019-01-22 03:51:53.688 | [main] processor.Engine (Engine.java:106) - Reading EPL file ...
DEBUG | 2019-01-22 03:51:53.937 | [main] processor.Engine (Engine.java:110) - Registering new Event Schema and Statements  ...
DEBUG | 2019-01-22 03:51:54.399 | [Thread-1] processor.Engine (Engine.java:73) - Successfully started Esper Runtime ...
DEBUG | 2019-01-22 03:51:57.058 | [main] processor.Engine (Engine.java:125) - jppp:Event
DEBUG | 2019-01-22 03:51:57.070 | [Thread-2] collector.Generator (Generator.java:34) - Publish events from Csv filename ...
DEBUG | 2019-01-22 03:52:13.957 | [main] cep.Main (Main.java:31) - Esper Test ......  !
DEBUG | 2019-01-22 03:52:13.963 | [main] processor.Engine (Engine.java:53) - CEP Engine Setup ...
DEBUG | 2019-01-22 03:52:14.186 | [main] processor.Engine (Engine.java:101) - Deleting previous registered Event Schema and Statements  ...
DEBUG | 2019-01-22 03:52:14.186 | [main] processor.Engine (Engine.java:106) - Reading EPL file ...
DEBUG | 2019-01-22 03:52:14.431 | [main] processor.Engine (Engine.java:110) - Registering new Event Schema and Statements  ...
DEBUG | 2019-01-22 03:52:14.781 | [Thread-1] processor.Engine (Engine.java:73) - Successfully started Esper Runtime ...
DEBUG | 2019-01-22 03:52:16.869 | [main] processor.Engine (Engine.java:124) - jppp:Event
DEBUG | 2019-01-22 03:52:16.879 | [Thread-2] collector.Generator (Generator.java:34) - Publish events from Csv filename ...
DEBUG | 2019-01-22 03:55:30.614 | [main] cep.Main (Main.java:31) - Esper Test ......  !
DEBUG | 2019-01-22 03:55:30.619 | [main] processor.Engine (Engine.java:55) - CEP Engine Setup ...
DEBUG | 2019-01-22 03:55:30.852 | [main] processor.Engine (Engine.java:103) - Deleting previous registered Event Schema and Statements  ...
DEBUG | 2019-01-22 03:55:30.853 | [main] processor.Engine (Engine.java:108) - Reading EPL file ...
DEBUG | 2019-01-22 03:55:31.131 | [main] processor.Engine (Engine.java:112) - Registering new Event Schema and Statements  ...
DEBUG | 2019-01-22 03:55:31.553 | [Thread-1] processor.Engine (Engine.java:75) - Successfully started Esper Runtime ...
DEBUG | 2019-01-22 06:08:26.809 | [main] cep.Main (Main.java:31) - Esper Test ......  !
DEBUG | 2019-01-22 06:08:26.824 | [main] processor.Engine (Engine.java:55) - CEP Engine Setup ...
DEBUG | 2019-01-22 06:08:27.076 | [main] processor.Engine (Engine.java:103) - Deleting previous registered Event Schema and Statements  ...
DEBUG | 2019-01-22 06:08:27.077 | [main] processor.Engine (Engine.java:108) - Reading EPL file ...
DEBUG | 2019-01-22 06:08:27.387 | [main] processor.Engine (Engine.java:112) - Registering new Event Schema and Statements  ...
DEBUG | 2019-01-22 06:08:28.022 | [Thread-1] processor.Engine (Engine.java:75) - Successfully started Esper Runtime ...
DEBUG | 2019-01-22 07:11:51.846 | [main] cep.Main (Main.java:31) - Esper Test ......  !
DEBUG | 2019-01-22 07:11:51.860 | [main] processor.Engine (Engine.java:55) - CEP Engine Setup ...
DEBUG | 2019-01-22 07:11:52.198 | [main] processor.Engine (Engine.java:106) - Deleting previous registered Event Schema and Statements  ...
DEBUG | 2019-01-22 07:11:52.947 | [Thread-1] processor.Engine (Engine.java:75) - Successfully started Esper Runtime ...
DEBUG | 2019-01-22 07:12:32.869 | [main] cep.Main (Main.java:31) - Esper Test ......  !
DEBUG | 2019-01-22 07:12:32.877 | [main] processor.Engine (Engine.java:55) - CEP Engine Setup ...
DEBUG | 2019-01-22 07:12:33.084 | [main] processor.Engine (Engine.java:106) - Deleting previous registered Event Schema and Statements  ...
DEBUG | 2019-01-22 07:12:33.684 | [Thread-1] processor.Engine (Engine.java:75) - Successfully started Esper Runtime ...
DEBUG | 2019-01-22 07:13:12.024 | [main] cep.Main (Main.java:31) - Esper Test ......  !
DEBUG | 2019-01-22 07:13:12.029 | [main] processor.Engine (Engine.java:55) - CEP Engine Setup ...
DEBUG | 2019-01-22 07:13:12.337 | [main] processor.Engine (Engine.java:106) - Deleting previous registered Event Schema and Statements  ...
DEBUG | 2019-01-22 07:13:12.338 | [main] processor.Engine (Engine.java:114) - Reading EPL file ...
DEBUG | 2019-01-22 07:13:12.625 | [main] processor.Engine (Engine.java:118) - Registering new Event Schema and Statements  ...
DEBUG | 2019-01-22 07:13:13.194 | [Thread-1] processor.Engine (Engine.java:75) - Successfully started Esper Runtime ...
DEBUG | 2019-01-22 07:54:54.891 | [main] cep.Main (Main.java:31) - Esper Test ......  !
DEBUG | 2019-01-22 07:54:54.900 | [main] processor.Engine (Engine.java:55) - CEP Engine Setup ...
DEBUG | 2019-01-22 07:54:55.090 | [main] processor.Engine (Engine.java:107) - Deleting previous registered Event Schema and Statements  ...
DEBUG | 2019-01-22 07:54:55.091 | [main] processor.Engine (Engine.java:115) - Reading EPL file ...
DEBUG | 2019-01-22 07:54:55.370 | [main] processor.Engine (Engine.java:121) - Registering new Event Schema and Statements  ...
DEBUG | 2019-01-22 07:54:56.282 | [Thread-1] processor.Engine (Engine.java:76) - Successfully started Esper Runtime ...
DEBUG | 2019-01-22 07:58:10.824 | [main] cep.Main (Main.java:31) - Esper Test ......  !
DEBUG | 2019-01-22 07:58:10.831 | [main] processor.Engine (Engine.java:55) - CEP Engine Setup ...
DEBUG | 2019-01-22 07:58:11.033 | [main] processor.Engine (Engine.java:107) - Deleting previous registered Event Schema and Statements  ...
DEBUG | 2019-01-22 07:58:11.034 | [main] processor.Engine (Engine.java:115) - Reading EPL file ...
DEBUG | 2019-01-22 07:58:11.292 | [main] processor.Engine (Engine.java:121) - Registering new Event Schema and Statements  ...
DEBUG | 2019-01-22 07:58:12.126 | [Thread-1] processor.Engine (Engine.java:76) - Successfully started Esper Runtime ...
DEBUG | 2019-01-22 07:58:15.467 | [main] processor.Engine (Engine.java:135) - jppp:20482c1e-9da9-4071-be86-45436e5ba1cb
